0 info it worked if it ends with ok
1 verbose cli [ '/usr/bin/nodejs', '/usr/bin/npm', 'run', 'build' ]
2 info using npm@3.9.3
3 info using node@v5.11.1
4 verbose run-script [ 'prebuild', 'build', 'postbuild' ]
5 info lifecycle stagg2@1.0.0~prebuild: stagg2@1.0.0
6 silly lifecycle stagg2@1.0.0~prebuild: no script for prebuild, continuing
7 info lifecycle stagg2@1.0.0~build: stagg2@1.0.0
8 verbose lifecycle stagg2@1.0.0~build: unsafe-perm in lifecycle true
9 verbose lifecycle stagg2@1.0.0~build: PATH: /usr/lib/node_modules/npm/bin/node-gyp-bin:/web/www/stagg2/node_modules/.bin:/usr/bin:/home/sebastien/.composer/vendor/bin:/home/sebastien/.local/share/umake/bin:/usr/local/sbin:/usr/local/bin:/usr/sbin:/usr/bin:/sbin:/bin:/usr/games:/usr/local/games:/snap/bin:/usr/lib/jvm/java-8-oracle/bin:/usr/lib/jvm/java-8-oracle/db/bin:/usr/lib/jvm/java-8-oracle/jre/bin
10 verbose lifecycle stagg2@1.0.0~build: CWD: /web/www/stagg2
11 silly lifecycle stagg2@1.0.0~build: Args: [ '-c', 'WEBPACK_ENV=build ./node_modules/.bin/webpack' ]
12 silly lifecycle stagg2@1.0.0~build: Returned: code: 1  signal: null
13 info lifecycle stagg2@1.0.0~build: Failed to exec build script
14 verbose stack Error: stagg2@1.0.0 build: `WEBPACK_ENV=build ./node_modules/.bin/webpack`
14 verbose stack Exit status 1
14 verbose stack     at EventEmitter.<anonymous> (/usr/lib/node_modules/npm/lib/utils/lifecycle.js:245:16)
14 verbose stack     at emitTwo (events.js:100:13)
14 verbose stack     at EventEmitter.emit (events.js:185:7)
14 verbose stack     at ChildProcess.<anonymous> (/usr/lib/node_modules/npm/lib/utils/spawn.js:24:14)
14 verbose stack     at emitTwo (events.js:100:13)
14 verbose stack     at ChildProcess.emit (events.js:185:7)
14 verbose stack     at maybeClose (internal/child_process.js:850:16)
14 verbose stack     at Process.ChildProcess._handle.onexit (internal/child_process.js:215:5)
15 verbose pkgid stagg2@1.0.0
16 verbose cwd /web/www/stagg2
17 error Linux 4.4.0-22-generic
18 error argv "/usr/bin/nodejs" "/usr/bin/npm" "run" "build"
19 error node v5.11.1
20 error npm  v3.9.3
21 error code ELIFECYCLE
22 error stagg2@1.0.0 build: `WEBPACK_ENV=build ./node_modules/.bin/webpack`
22 error Exit status 1
23 error Failed at the stagg2@1.0.0 build script 'WEBPACK_ENV=build ./node_modules/.bin/webpack'.
23 error Make sure you have the latest version of node.js and npm installed.
23 error If you do, this is most likely a problem with the stagg2 package,
23 error not with npm itself.
23 error Tell the author that this fails on your system:
23 error     WEBPACK_ENV=build ./node_modules/.bin/webpack
23 error You can get information on how to open an issue for this project with:
23 error     npm bugs stagg2
23 error Or if that isn't available, you can get their info via:
23 error     npm owner ls stagg2
23 error There is likely additional logging output above.
24 verbose exit [ 1, true ]
